Arguments: 
  /usr/local/bin/node /usr/local/Cellar/yarn/1.3.2/libexec/bin/yarn.js init

PATH: 
  /opt/local/bin:/opt/local/sbin:/Library/Frameworks/Python.framework/Versions/3.5/bin:/usr/local/bin:/usr/bin:/bin:/usr/sbin:/sbin:/opt/X11/bin:/Users/arunavsarkar/.vimpkg/bin:/usr/local/go/bin

Yarn version: 
  1.3.2

Node version: 
  4.4.7

Platform: 
  darwin x64

npm manifest: 
  No manifest

yarn manifest: 
  No manifest

Lockfile: 
  No lockfile

Trace: 
  Error: canceled
      at Interface.<anonymous> (/usr/local/Cellar/yarn/1.3.2/libexec/lib/cli.js:121045:13)
      at emitNone (events.js:67:13)
      at Interface.emit (events.js:166:7)
      at Interface._ttyWrite (readline.js:691:16)
      at ReadStream.onkeypress (readline.js:106:10)
      at emitTwo (events.js:87:13)
      at ReadStream.emit (events.js:172:7)
      at emitKeys (readline.js:1252:14)
      at next (native)
      at ReadStream.onData (readline.js:919:36)
